<?xml version="1.0" encoding="UTF-8"?>
<!-- Generated by org.testng.reporters.JUnitXMLReporter -->
<testsuite hostname="hp" name="Pendora sign up data driven testing" tests="4" failures="0" timestamp="12 Aug 2020 19:54:02 GMT" time="12.897" errors="0">
  <testcase name="validateURl" time="0.02" classname="TestNGCode.PandoraSignUp2"/>
  <testcase name="PandoraSignUpTest" time="1.448" classname="TestNGCode.PandoraSignUp2"/>
  <testcase name="ValidateUrlTile" time="0.05" classname="TestNGCode.PandoraSignUp2"/>
  <testcase name="ValidateTitle" time="0.01" classname="TestNGCode.PandoraSignUp2"/>
</testsuite> <!-- Pendora sign up data driven testing -->
