<?xml version="1.0" encoding="UTF-8"?>
<!-- Generated by org.testng.reporters.JUnitXMLReporter -->
<testsuite hostname="hp" name="PHP Tours data driven testing" tests="4" failures="0" timestamp="26 Jul 2020 15:17:01 GMT" time="9.492" errors="0">
  <testcase name="PhpSignupTest" time="0.952" classname="TestNGCode.Phptravels"/>
  <testcase name="validateSignupButton" time="0.065" classname="TestNGCode.Phptravels"/>
  <testcase name="getUrl" time="0.018" classname="TestNGCode.Phptravels"/>
  <testcase name="getDriver" time="0.019" classname="TestNGCode.Phptravels"/>
</testsuite> <!-- PHP Tours data driven testing -->
