<?xml version="1.0" encoding="UTF-8"?>
<!-- Generated by org.testng.reporters.JUnitXMLReporter -->
<testsuite hostname="hp" name="PHP Tours data driven testing" tests="4" failures="0" timestamp="12 Aug 2020 19:54:12 GMT" time="9.662" errors="0">
  <testcase name="PhpSignupTest" time="1.035" classname="TestNGCode.Phptravels"/>
  <testcase name="validateSignupButton" time="0.075" classname="TestNGCode.Phptravels"/>
  <testcase name="getUrl" time="0.019" classname="TestNGCode.Phptravels"/>
  <testcase name="getDriver" time="0.009" classname="TestNGCode.Phptravels"/>
</testsuite> <!-- PHP Tours data driven testing -->
