<?xml version="1.0" encoding="UTF-8"?>
<!-- Generated by org.testng.reporters.JUnitXMLReporter -->
<testsuite hostname="hp" name="Sign Up psitive data set" tests="4" failures="0" timestamp="21 Aug 2020 20:04:04 GMT" time="11.786" errors="0">
  <testcase name="PhpSignupTest" time="1.003" classname="TestNGCode.Phptravels"/>
  <testcase name="validateSignupButton" time="0.079" classname="TestNGCode.Phptravels"/>
  <testcase name="getUrl" time="0.017" classname="TestNGCode.Phptravels"/>
  <testcase name="getDriver" time="0.01" classname="TestNGCode.Phptravels"/>
</testsuite> <!-- Sign Up psitive data set -->
