<?xml version="1.0" encoding="UTF-8"?>
<!-- Generated by org.testng.reporters.JUnitXMLReporter -->
<testsuite hostname="hp" name="Sign Up psitive data set" tests="4" failures="0" timestamp="17 Jul 2020 14:09:12 GMT" time="10.574" errors="0">
  <testcase name="PhpSignupTest" time="1.426" classname="TestNGCode.Phptravels"/>
  <testcase name="validateSignupButton" time="0.081" classname="TestNGCode.Phptravels"/>
  <testcase name="getUrl" time="0.011" classname="TestNGCode.Phptravels"/>
  <testcase name="getDriver" time="0.016" classname="TestNGCode.Phptravels"/>
</testsuite> <!-- Sign Up psitive data set -->
