<?xml version="1.0" encoding="UTF-8"?>
<!-- Generated by org.testng.reporters.JUnitXMLReporter -->
<testsuite hostname="hp" name="Sign Up psitive data ser" tests="4" failures="0" timestamp="14 Jul 2020 21:01:24 GMT" time="11.294" errors="0">
  <testcase name="PhpSignupTest" time="0.0" classname="TestNGCode.Phptravels">
    <skipped/>
  </testcase> <!-- PhpSignupTest -->
  <testcase name="validateSignupButton" time="0.09" classname="TestNGCode.Phptravels"/>
  <testcase name="getUrl" time="0.018" classname="TestNGCode.Phptravels"/>
  <testcase name="getDriver" time="0.016" classname="TestNGCode.Phptravels"/>
</testsuite> <!-- Sign Up psitive data ser -->
