<?xml version="1.0" encoding="UTF-8"?>
<!-- Generated by org.testng.reporters.JUnitXMLReporter -->
<testsuite hostname="hp" name="Default test" tests="4" failures="0" timestamp="13 Aug 2020 20:36:39 GMT" time="9.188" errors="0">
  <testcase name="AmazonSignDataEnter" time="0.874" classname="TestNGCode.AmazonSignup1"/>
  <testcase name="CreatButton" time="0.053" classname="TestNGCode.AmazonSignup1"/>
  <testcase name="validateUrl" time="0.009" classname="TestNGCode.AmazonSignup1"/>
  <testcase name="validateTitlePage" time="0.008" classname="TestNGCode.AmazonSignup1"/>
</testsuite> <!-- Default test -->
