<?xml version="1.0" encoding="UTF-8"?>
<!-- Generated by org.testng.reporters.JUnitXMLReporter -->
<testsuite hostname="hp" name="Default test" tests="4" failures="0" timestamp="14 Aug 2020 15:28:50 GMT" time="10.308" errors="0">
  <testcase name="AmazonSignDataEnter" time="0.0" classname="TestNGCode.AmazonSignup1">
    <skipped/>
  </testcase> <!-- AmazonSignDataEnter -->
  <testcase name="CreatAccountButtonOperation" time="0.074" classname="TestNGCode.AmazonSignup1"/>
  <testcase name="validateUrl" time="0.01" classname="TestNGCode.AmazonSignup1"/>
  <testcase name="validateTitlePage" time="0.013" classname="TestNGCode.AmazonSignup1"/>
</testsuite> <!-- Default test -->
