<?xml version="1.0" encoding="UTF-8"?>
<testng-results skipped="0" failed="0" total="16" passed="16">
  <reporter-output>
    <line>
      <![CDATA[URL validated]]>
    </line>
    <line>
      <![CDATA[Sign up data entered]]>
    </line>
    <line>
      <![CDATA[Submit buttom working]]>
    </line>
    <line>
      <![CDATA[Page Title validated]]>
    </line>
    <line>
      <![CDATA[Sign up data entered]]>
    </line>
    <line>
      <![CDATA[SignUp Button working]]>
    </line>
    <line>
      <![CDATA[URL validated]]>
    </line>
    <line>
      <![CDATA[Page Title validated]]>
    </line>
    <line>
      <![CDATA[URL validated]]>
    </line>
    <line>
      <![CDATA[Sign up data entered]]>
    </line>
    <line>
      <![CDATA[Submit buttom working]]>
    </line>
    <line>
      <![CDATA[Page Title validated]]>
    </line>
  </reporter-output>
  <suite name="Amazon Sign Up Data driven testing" duration-ms="43370" started-at="2020-08-13T20:46:10Z" finished-at="2020-08-13T20:46:54Z">
    <groups>
    </groups>
    <test name="Sign Up/ creat new account" duration-ms="11062" started-at="2020-08-13T20:46:10Z" finished-at="2020-08-13T20:46:21Z">
      <class name="TestNGCode.AmazonSignup1">
        <test-method status="PASS" signature="BeforeTestConfig()[pri:0, instance:TestNGCode.AmazonSignup1@7823a2f9]" name="BeforeTestConfig" is-config="true" duration-ms="6506" started-at="2020-08-13T16:46:10Z" finished-at="2020-08-13T16:46:17Z">
          <reporter-output>
          </reporter-output>
        </test-method> <!-- BeforeTestConfig -->
        <test-method status="PASS" signature="AmazonSignDataEnter(java.lang.String, java.lang.String, java.lang.String, java.lang.String)[pri:1, instance:TestNGCode.AmazonSignup1@7823a2f9]" name="AmazonSignDataEnter" duration-ms="593" started-at="2020-08-13T16:46:17Z" finished-at="2020-08-13T16:46:17Z">
          <params>
            <param index="0">
              <value>
                <![CDATA[Raman Paul]]>
              </value>
            </param>
            <param index="1">
              <value>
                <![CDATA[PaulRaman87@gmail.com]]>
              </value>
            </param>
            <param index="2">
              <value>
                <![CDATA[12345Paul]]>
              </value>
            </param>
            <param index="3">
              <value>
                <![CDATA[12345Paul]]>
              </value>
            </param>
          </params>
          <reporter-output>
          </reporter-output>
        </test-method> <!-- AmazonSignDataEnter -->
        <test-method status="PASS" signature="CreatAccountButtonOperation()[pri:2, instance:TestNGCode.AmazonSignup1@7823a2f9]" name="CreatAccountButtonOperation" duration-ms="52" started-at="2020-08-13T16:46:17Z" finished-at="2020-08-13T16:46:17Z">
          <reporter-output>
          </reporter-output>
        </test-method> <!-- CreatAccountButtonOperation -->
        <test-method status="PASS" signature="validateUrl()[pri:3, instance:TestNGCode.AmazonSignup1@7823a2f9]" name="validateUrl" duration-ms="9" started-at="2020-08-13T16:46:17Z" finished-at="2020-08-13T16:46:17Z">
          <reporter-output>
          </reporter-output>
        </test-method> <!-- validateUrl -->
        <test-method status="PASS" signature="validateTitlePage()[pri:4, instance:TestNGCode.AmazonSignup1@7823a2f9]" name="validateTitlePage" duration-ms="9" started-at="2020-08-13T16:46:17Z" finished-at="2020-08-13T16:46:17Z">
          <reporter-output>
          </reporter-output>
        </test-method> <!-- validateTitlePage -->
        <test-method status="PASS" signature="AfterTest()[pri:0, instance:TestNGCode.AmazonSignup1@7823a2f9]" name="AfterTest" is-config="true" duration-ms="3875" started-at="2020-08-13T16:46:17Z" finished-at="2020-08-13T16:46:21Z">
          <reporter-output>
          </reporter-output>
        </test-method> <!-- AfterTest -->
      </class> <!-- TestNGCode.AmazonSignup1 -->
    </test> <!-- Sign Up/ creat new account -->
    <test name="Pendora sign up data driven testing" duration-ms="11555" started-at="2020-08-13T20:46:21Z" finished-at="2020-08-13T20:46:33Z">
      <class name="TestNGCode.PandoraSignUp2">
        <test-method status="PASS" signature="beforeTest()[pri:0, instance:TestNGCode.PandoraSignUp2@29774679]" name="beforeTest" is-config="true" duration-ms="5423" started-at="2020-08-13T16:46:21Z" finished-at="2020-08-13T16:46:27Z">
          <reporter-output>
          </reporter-output>
        </test-method> <!-- beforeTest -->
        <test-method status="PASS" signature="validateURl()[pri:1, instance:TestNGCode.PandoraSignUp2@29774679]" name="validateURl" duration-ms="62" started-at="2020-08-13T16:46:27Z" finished-at="2020-08-13T16:46:27Z">
          <reporter-output>
            <line>
              <![CDATA[URL validated]]>
            </line>
          </reporter-output>
        </test-method> <!-- validateURl -->
        <test-method status="PASS" signature="PandoraSignUpTest(java.lang.String, java.lang.String, java.lang.String, java.lang.String)[pri:3, instance:TestNGCode.PandoraSignUp2@29774679]" name="PandoraSignUpTest" duration-ms="1099" started-at="2020-08-13T16:46:27Z" finished-at="2020-08-13T16:46:28Z">
          <params>
            <param index="0">
              <value>
                <![CDATA[RamanPaul@gmail.com]]>
              </value>
            </param>
            <param index="1">
              <value>
                <![CDATA[TheOne1]]>
              </value>
            </param>
            <param index="2">
              <value>
                <![CDATA[1988]]>
              </value>
            </param>
            <param index="3">
              <value>
                <![CDATA[20111]]>
              </value>
            </param>
          </params>
          <reporter-output>
            <line>
              <![CDATA[Sign up data entered]]>
            </line>
          </reporter-output>
        </test-method> <!-- PandoraSignUpTest -->
        <test-method status="PASS" signature="ValidateUrlTile()[pri:4, instance:TestNGCode.PandoraSignUp2@29774679]" name="ValidateUrlTile" duration-ms="48" started-at="2020-08-13T16:46:28Z" finished-at="2020-08-13T16:46:28Z">
          <reporter-output>
            <line>
              <![CDATA[Submit buttom working]]>
            </line>
          </reporter-output>
        </test-method> <!-- ValidateUrlTile -->
        <test-method status="PASS" signature="ValidateTitle()[pri:2, instance:TestNGCode.PandoraSignUp2@29774679]" name="ValidateTitle" duration-ms="7" started-at="2020-08-13T16:46:28Z" depends-on-methods="TestNGCode.PandoraSignUp2.validateURl" finished-at="2020-08-13T16:46:28Z">
          <reporter-output>
            <line>
              <![CDATA[Page Title validated]]>
            </line>
          </reporter-output>
        </test-method> <!-- ValidateTitle -->
        <test-method status="PASS" signature="aftertest()[pri:0, instance:TestNGCode.PandoraSignUp2@29774679]" name="aftertest" is-config="true" duration-ms="4907" started-at="2020-08-13T16:46:28Z" finished-at="2020-08-13T16:46:33Z">
          <reporter-output>
          </reporter-output>
        </test-method> <!-- aftertest -->
      </class> <!-- TestNGCode.PandoraSignUp2 -->
    </test> <!-- Pendora sign up data driven testing -->
    <test name="PHP Tours data driven testing" duration-ms="10798" started-at="2020-08-13T20:46:33Z" finished-at="2020-08-13T20:46:44Z">
      <class name="TestNGCode.Phptravels">
        <test-method status="PASS" signature="BeforeTestConfig()[pri:0, instance:TestNGCode.Phptravels@6f7fd0e6]" name="BeforeTestConfig" is-config="true" duration-ms="6624" started-at="2020-08-13T16:46:33Z" finished-at="2020-08-13T16:46:40Z">
          <reporter-output>
          </reporter-output>
        </test-method> <!-- BeforeTestConfig -->
        <test-method status="PASS" signature="PhpSignupTest(java.lang.String, java.lang.String, java.lang.String, java.lang.String, java.lang.String, java.lang.String)[pri:1, instance:TestNGCode.Phptravels@6f7fd0e6]" name="PhpSignupTest" duration-ms="887" started-at="2020-08-13T16:46:40Z" finished-at="2020-08-13T16:46:40Z">
          <params>
            <param index="0">
              <value>
                <![CDATA[Raman]]>
              </value>
            </param>
            <param index="1">
              <value>
                <![CDATA[Paul]]>
              </value>
            </param>
            <param index="2">
              <value>
                <![CDATA[5713839976]]>
              </value>
            </param>
            <param index="3">
              <value>
                <![CDATA[RamanP@gmail.com]]>
              </value>
            </param>
            <param index="4">
              <value>
                <![CDATA[TheOne1]]>
              </value>
            </param>
            <param index="5">
              <value>
                <![CDATA[TheOne1]]>
              </value>
            </param>
          </params>
          <reporter-output>
            <line>
              <![CDATA[Sign up data entered]]>
            </line>
          </reporter-output>
        </test-method> <!-- PhpSignupTest -->
        <test-method status="PASS" signature="validateSignupButton()[pri:2, instance:TestNGCode.Phptravels@6f7fd0e6]" name="validateSignupButton" duration-ms="56" started-at="2020-08-13T16:46:40Z" finished-at="2020-08-13T16:46:40Z">
          <reporter-output>
            <line>
              <![CDATA[SignUp Button working]]>
            </line>
          </reporter-output>
        </test-method> <!-- validateSignupButton -->
        <test-method status="PASS" signature="getUrl()[pri:3, instance:TestNGCode.Phptravels@6f7fd0e6]" name="getUrl" duration-ms="14" started-at="2020-08-13T16:46:40Z" finished-at="2020-08-13T16:46:40Z">
          <reporter-output>
            <line>
              <![CDATA[URL validated]]>
            </line>
          </reporter-output>
        </test-method> <!-- getUrl -->
        <test-method status="PASS" signature="getDriver()[pri:4, instance:TestNGCode.Phptravels@6f7fd0e6]" name="getDriver" duration-ms="8" started-at="2020-08-13T16:46:40Z" finished-at="2020-08-13T16:46:41Z">
          <reporter-output>
            <line>
              <![CDATA[Page Title validated]]>
            </line>
          </reporter-output>
        </test-method> <!-- getDriver -->
        <test-method status="PASS" signature="AfterTest()[pri:0, instance:TestNGCode.Phptravels@6f7fd0e6]" name="AfterTest" is-config="true" duration-ms="3200" started-at="2020-08-13T16:46:41Z" finished-at="2020-08-13T16:46:44Z">
          <reporter-output>
          </reporter-output>
        </test-method> <!-- AfterTest -->
      </class> <!-- TestNGCode.Phptravels -->
    </test> <!-- PHP Tours data driven testing -->
    <test name="Yahoo SignUp data driven testing" duration-ms="9880" started-at="2020-08-13T20:46:44Z" finished-at="2020-08-13T20:46:54Z">
      <class name="TestNGCode.YahooTestNG">
        <test-method status="PASS" signature="beforeTest()[pri:0, instance:TestNGCode.YahooTestNG@1bce4f0a]" name="beforeTest" is-config="true" duration-ms="4243" started-at="2020-08-13T16:46:44Z" finished-at="2020-08-13T16:46:48Z">
          <reporter-output>
          </reporter-output>
        </test-method> <!-- beforeTest -->
        <test-method status="PASS" signature="validateURl()[pri:1, instance:TestNGCode.YahooTestNG@1bce4f0a]" name="validateURl" duration-ms="7" started-at="2020-08-13T16:46:48Z" finished-at="2020-08-13T16:46:48Z">
          <reporter-output>
            <line>
              <![CDATA[URL validated]]>
            </line>
          </reporter-output>
        </test-method> <!-- validateURl -->
        <test-method status="PASS" signature="YahooSignUpTest(java.lang.String, java.lang.String, java.lang.String, java.lang.String, java.lang.String, java.lang.String, java.lang.String, java.lang.String)[pri:3, instance:TestNGCode.YahooTestNG@1bce4f0a]" name="YahooSignUpTest" duration-ms="939" started-at="2020-08-13T16:46:48Z" finished-at="2020-08-13T16:46:49Z">
          <params>
            <param index="0">
              <value>
                <![CDATA[Gurmehar]]>
              </value>
            </param>
            <param index="1">
              <value>
                <![CDATA[Paul]]>
              </value>
            </param>
            <param index="2">
              <value>
                <![CDATA[meharpaul1987]]>
              </value>
            </param>
            <param index="3">
              <value>
                <![CDATA[princess1!!]]>
              </value>
            </param>
            <param index="4">
              <value>
                <![CDATA[5713835390]]>
              </value>
            </param>
            <param index="5">
              <value>
                <![CDATA[1]]>
              </value>
            </param>
            <param index="6">
              <value>
                <![CDATA[1987]]>
              </value>
            </param>
            <param index="7">
              <value>
                <![CDATA[female]]>
              </value>
            </param>
          </params>
          <reporter-output>
            <line>
              <![CDATA[Sign up data entered]]>
            </line>
          </reporter-output>
        </test-method> <!-- YahooSignUpTest -->
        <test-method status="PASS" signature="ValidateUrlTile()[pri:4, instance:TestNGCode.YahooTestNG@1bce4f0a]" name="ValidateUrlTile" duration-ms="48" started-at="2020-08-13T16:46:49Z" finished-at="2020-08-13T16:46:49Z">
          <reporter-output>
            <line>
              <![CDATA[Submit buttom working]]>
            </line>
          </reporter-output>
        </test-method> <!-- ValidateUrlTile -->
        <test-method status="PASS" signature="ValidateTitle()[pri:2, instance:TestNGCode.YahooTestNG@1bce4f0a]" name="ValidateTitle" duration-ms="7" started-at="2020-08-13T16:46:49Z" depends-on-methods="TestNGCode.YahooTestNG.validateURl" finished-at="2020-08-13T16:46:49Z">
          <reporter-output>
            <line>
              <![CDATA[Page Title validated]]>
            </line>
          </reporter-output>
        </test-method> <!-- ValidateTitle -->
        <test-method status="PASS" signature="aftertest()[pri:0, instance:TestNGCode.YahooTestNG@1bce4f0a]" name="aftertest" is-config="true" duration-ms="4631" started-at="2020-08-13T16:46:49Z" finished-at="2020-08-13T16:46:54Z">
          <reporter-output>
          </reporter-output>
        </test-method> <!-- aftertest -->
      </class> <!-- TestNGCode.YahooTestNG -->
    </test> <!-- Yahoo SignUp data driven testing -->
  </suite> <!-- Amazon Sign Up Data driven testing -->
</testng-results>
