<?xml version="1.0" encoding="UTF-8"?>
<!-- Generated by org.testng.reporters.JUnitXMLReporter -->
<testsuite hostname="hp" name="Pendora sign up data driven testing" tests="4" failures="0" timestamp="13 Aug 2020 20:46:33 GMT" time="11.555" errors="0">
  <testcase name="validateURl" time="0.062" classname="TestNGCode.PandoraSignUp2"/>
  <testcase name="PandoraSignUpTest" time="1.099" classname="TestNGCode.PandoraSignUp2"/>
  <testcase name="ValidateUrlTile" time="0.048" classname="TestNGCode.PandoraSignUp2"/>
  <testcase name="ValidateTitle" time="0.007" classname="TestNGCode.PandoraSignUp2"/>
</testsuite> <!-- Pendora sign up data driven testing -->
