<?xml version="1.0" encoding="UTF-8"?>
<!-- Generated by org.testng.reporters.JUnitXMLReporter -->
<testsuite hostname="hp" name="Sign Up/creat new account data set 2" tests="4" failures="0" timestamp="14 Aug 2020 15:43:51 GMT" time="8.121" errors="0">
  <testcase name="AmazonSignDataEnter" time="0.612" classname="TestNGCode.AmazonSignup1"/>
  <testcase name="CreatAccountButtonOperation" time="0.054" classname="TestNGCode.AmazonSignup1"/>
  <testcase name="validateUrl" time="0.011" classname="TestNGCode.AmazonSignup1"/>
  <testcase name="validateTitlePage" time="0.007" classname="TestNGCode.AmazonSignup1"/>
</testsuite> <!-- Sign Up/creat new account data set 2 -->
