<?xml version="1.0" encoding="UTF-8"?>
<!-- Generated by org.testng.reporters.JUnitXMLReporter -->
<testsuite hostname="hp" name="Sign Up/ creat new account" tests="4" failures="0" timestamp="21 Aug 2020 20:07:19 GMT" time="9.408" errors="0">
  <testcase name="AmazonSignDataEnter" time="0.646" classname="TestNGCode.AmazonSignup1"/>
  <testcase name="CreatAccountButtonOperation" time="0.069" classname="TestNGCode.AmazonSignup1"/>
  <testcase name="validateUrl" time="0.01" classname="TestNGCode.AmazonSignup1"/>
  <testcase name="validateTitlePage" time="0.01" classname="TestNGCode.AmazonSignup1"/>
</testsuite> <!-- Sign Up/ creat new account -->
