<?xml version="1.0" encoding="UTF-8"?>
<!-- Generated by org.testng.reporters.JUnitXMLReporter -->
<testsuite hostname="hp" name="Sign Up/creat new account data set 2" tests="4" failures="0" timestamp="21 Aug 2020 20:07:28 GMT" time="8.165" errors="0">
  <testcase name="AmazonSignDataEnter" time="0.652" classname="TestNGCode.AmazonSignup1"/>
  <testcase name="CreatAccountButtonOperation" time="0.059" classname="TestNGCode.AmazonSignup1"/>
  <testcase name="validateUrl" time="0.008" classname="TestNGCode.AmazonSignup1"/>
  <testcase name="validateTitlePage" time="0.007" classname="TestNGCode.AmazonSignup1"/>
</testsuite> <!-- Sign Up/creat new account data set 2 -->
