<?xml version="1.0" encoding="UTF-8"?>
<!-- Generated by org.testng.reporters.JUnitXMLReporter -->
<testsuite hostname="hp" name="Sign Up/ creat new account" tests="4" failures="0" timestamp="13 Aug 2020 20:46:21 GMT" time="11.062" errors="0">
  <testcase name="AmazonSignDataEnter" time="0.593" classname="TestNGCode.AmazonSignup1"/>
  <testcase name="CreatAccountButtonOperation" time="0.052" classname="TestNGCode.AmazonSignup1"/>
  <testcase name="validateUrl" time="0.009" classname="TestNGCode.AmazonSignup1"/>
  <testcase name="validateTitlePage" time="0.009" classname="TestNGCode.AmazonSignup1"/>
</testsuite> <!-- Sign Up/ creat new account -->
